<?xml version="1.0" encoding="UTF-8"?>
<!-- Generated by org.testng.reporters.JUnitXMLReporter -->
<testsuite hostname="LTUS140504" failures="2" tests="6" name="Default test" time="19.944" errors="0" timestamp="25 Feb 2021 17:43:36 GMT">
  <testcase classname="seleniumgenc.SeleniumPracticeTekstacShopifyTests" name="errorForNoFieldsAndSubmit" time="0.697"/>
  <testcase classname="seleniumgenc.SeleniumPracticeTekstacShopifyTests" name="errorForNoFieldsAndSubmit" time="0.529"/>
  <testcase classname="seleniumgenc.SeleniumPracticeTekstacShopifyTests" name="errorForNoFieldsAndSubmit" time="0.52"/>
  <testcase classname="seleniumgenc.SeleniumPracticeTekstacShopifyTests" name="errorForNoFieldsAndSubmit" time="0.509"/>
  <testcase classname="seleniumgenc.SeleniumPracticeTekstacShopifyTests" name="errorForNoFieldsAndSubmit" time="0.482">
    <failure type="java.lang.AssertionError" message="expected [Lastname can&amp;apos;t be blank\nUserName can&amp;apos;t be blank] but found [Lastname can&amp;apos;t be blank
UserName can&amp;apos;t be blank]">
      <![CDATA[java.lang.AssertionError: expected [Lastname can't be blank\nUserName can't be blank] but found [Lastname can't be blank
UserName can't be blank]
	at org.testng.Assert.fail(Assert.java:94)
	at org.testng.Assert.failNotEquals(Assert.java:494)
	at org.testng.Assert.assertEquals(Assert.java:123)
	at org.testng.Assert.assertEquals(Assert.java:176)
	at org.testng.Assert.assertEquals(Assert.java:186)
	at seleniumgenc.SeleniumPracticeTekstacShopifyTests.errorForNoFieldsAndSubmit(SeleniumPracticeTekstacShopifyTests.java:142)
	at java.base/jdk.internal.reflect.NativeMethodAccessorImpl.invoke0(Native Method)
	at java.base/jdk.internal.reflect.NativeMethodAccessorImpl.invoke(NativeMethodAccessorImpl.java:64)
	at java.base/jdk.internal.reflect.DelegatingMethodAccessorImpl.invoke(DelegatingMethodAccessorImpl.java:43)
	at java.base/java.lang.reflect.Method.invoke(Method.java:564)
	at org.testng.internal.MethodInvocationHelper.invokeMethod(MethodInvocationHelper.java:80)
	at org.testng.internal.Invoker.invokeMethod(Invoker.java:714)
	at org.testng.internal.Invoker.invokeTestMethod(Invoker.java:901)
	at org.testng.internal.Invoker.invokeTestMethods(Invoker.java:1231)
	at org.testng.internal.TestMethodWorker.invokeTestMethods(TestMethodWorker.java:127)
	at org.testng.internal.TestMethodWorker.run(TestMethodWorker.java:111)
	at org.testng.TestRunner.privateRun(TestRunner.java:767)
	at org.testng.TestRunner.run(TestRunner.java:617)
	at org.testng.SuiteRunner.runTest(SuiteRunner.java:334)
	at org.testng.SuiteRunner.runSequentially(SuiteRunner.java:329)
	at org.testng.SuiteRunner.privateRun(SuiteRunner.java:291)
	at org.testng.SuiteRunner.run(SuiteRunner.java:240)
	at org.testng.SuiteRunnerWorker.runSuite(SuiteRunnerWorker.java:52)
	at org.testng.SuiteRunnerWorker.run(SuiteRunnerWorker.java:86)
	at org.testng.TestNG.runSuitesSequentially(TestNG.java:1198)
	at org.testng.TestNG.runSuitesLocally(TestNG.java:1123)
	at org.testng.TestNG.run(TestNG.java:1031)
	at org.testng.remote.AbstractRemoteTestNG.run(AbstractRemoteTestNG.java:115)
	at org.testng.remote.RemoteTestNG.initAndRun(RemoteTestNG.java:251)
	at org.testng.remote.RemoteTestNG.main(RemoteTestNG.java:77)
]]>
    </failure>
  </testcase> <!-- errorForNoFieldsAndSubmit -->
  <testcase classname="seleniumgenc.SeleniumPracticeTekstacShopifyTests" name="errorForNoFieldsAndSubmit" time="0.471">
    <failure type="java.lang.AssertionError" message="expected [Firstname can&amp;apos;t be blank\nLastname can&amp;apos;t be blank\nUserName can&amp;apos;t be blank\nPasswd can&amp;apos;t be blank] but found [Firstname can&amp;apos;t be blank
Lastname can&amp;apos;t be blank
UserName can&amp;apos;t be blank
Passwd can&amp;apos;t be blank]">
      <![CDATA[java.lang.AssertionError: expected [Firstname can't be blank\nLastname can't be blank\nUserName can't be blank\nPasswd can't be blank] but found [Firstname can't be blank
Lastname can't be blank
UserName can't be blank
Passwd can't be blank]
	at org.testng.Assert.fail(Assert.java:94)
	at org.testng.Assert.failNotEquals(Assert.java:494)
	at org.testng.Assert.assertEquals(Assert.java:123)
	at org.testng.Assert.assertEquals(Assert.java:176)
	at org.testng.Assert.assertEquals(Assert.java:186)
	at seleniumgenc.SeleniumPracticeTekstacShopifyTests.errorForNoFieldsAndSubmit(SeleniumPracticeTekstacShopifyTests.java:142)
	at java.base/jdk.internal.reflect.NativeMethodAccessorImpl.invoke0(Native Method)
	at java.base/jdk.internal.reflect.NativeMethodAccessorImpl.invoke(NativeMethodAccessorImpl.java:64)
	at java.base/jdk.internal.reflect.DelegatingMethodAccessorImpl.invoke(DelegatingMethodAccessorImpl.java:43)
	at java.base/java.lang.reflect.Method.invoke(Method.java:564)
	at org.testng.internal.MethodInvocationHelper.invokeMethod(MethodInvocationHelper.java:80)
	at org.testng.internal.Invoker.invokeMethod(Invoker.java:714)
	at org.testng.internal.Invoker.invokeTestMethod(Invoker.java:901)
	at org.testng.internal.Invoker.invokeTestMethods(Invoker.java:1231)
	at org.testng.internal.TestMethodWorker.invokeTestMethods(TestMethodWorker.java:127)
	at org.testng.internal.TestMethodWorker.run(TestMethodWorker.java:111)
	at org.testng.TestRunner.privateRun(TestRunner.java:767)
	at org.testng.TestRunner.run(TestRunner.java:617)
	at org.testng.SuiteRunner.runTest(SuiteRunner.java:334)
	at org.testng.SuiteRunner.runSequentially(SuiteRunner.java:329)
	at org.testng.SuiteRunner.privateRun(SuiteRunner.java:291)
	at org.testng.SuiteRunner.run(SuiteRunner.java:240)
	at org.testng.SuiteRunnerWorker.runSuite(SuiteRunnerWorker.java:52)
	at org.testng.SuiteRunnerWorker.run(SuiteRunnerWorker.java:86)
	at org.testng.TestNG.runSuitesSequentially(TestNG.java:1198)
	at org.testng.TestNG.runSuitesLocally(TestNG.java:1123)
	at org.testng.TestNG.run(TestNG.java:1031)
	at org.testng.remote.AbstractRemoteTestNG.run(AbstractRemoteTestNG.java:115)
	at org.testng.remote.RemoteTestNG.initAndRun(RemoteTestNG.java:251)
	at org.testng.remote.RemoteTestNG.main(RemoteTestNG.java:77)
]]>
    </failure>
  </testcase> <!-- errorForNoFieldsAndSubmit -->
</testsuite> <!-- Default test -->
